{"/Users/evemorgan/Desktop/Rithm-26/Exercises/express-shipping/app.js": {"path":"/Users/evemorgan/Desktop/Rithm-26/Exercises/express-shipping/app.js","statementMap":{"0":{"start":{"line":5,"column":16},"end":{"line":5,"column":34}},"1":{"start":{"line":6,"column":26},"end":{"line":6,"column":51}},"2":{"start":{"line":7,"column":12},"end":{"line":7,"column":25}},"3":{"start":{"line":8,"column":24},"end":{"line":8,"column":53}},"4":{"start":{"line":10,"column":0},"end":{"line":10,"column":24}},"5":{"start":{"line":11,"column":0},"end":{"line":11,"column":39}},"6":{"start":{"line":15,"column":0},"end":{"line":17,"column":3}},"7":{"start":{"line":16,"column":2},"end":{"line":16,"column":28}},"8":{"start":{"line":20,"column":0},"end":{"line":25,"column":3}},"9":{"start":{"line":21,"column":17},"end":{"line":21,"column":34}},"10":{"start":{"line":22,"column":18},"end":{"line":22,"column":29}},"11":{"start":{"line":23,"column":2},"end":{"line":23,"column":72}},"12":{"start":{"line":23,"column":39},"end":{"line":23,"column":72}},"13":{"start":{"line":24,"column":2},"end":{"line":24,"column":65}},"14":{"start":{"line":29,"column":0},"end":{"line":29,"column":21}}},"fnMap":{"0":{"name":"(anonymous_0)","decl":{"start":{"line":15,"column":8},"end":{"line":15,"column":9}},"loc":{"start":{"line":15,"column":34},"end":{"line":17,"column":1}},"line":15},"1":{"name":"(anonymous_1)","decl":{"start":{"line":20,"column":8},"end":{"line":20,"column":9}},"loc":{"start":{"line":20,"column":39},"end":{"line":25,"column":1}},"line":20}},"branchMap":{"0":{"loc":{"start":{"line":21,"column":17},"end":{"line":21,"column":34}},"type":"binary-expr","locations":[{"start":{"line":21,"column":17},"end":{"line":21,"column":27}},{"start":{"line":21,"column":31},"end":{"line":21,"column":34}}],"line":21},"1":{"loc":{"start":{"line":23,"column":2},"end":{"line":23,"column":72}},"type":"if","locations":[{"start":{"line":23,"column":2},"end":{"line":23,"column":72}},{"start":{},"end":{}}],"line":23}},"s":{"0":1,"1":1,"2":1,"3":1,"4":1,"5":1,"6":1,"7":0,"8":1,"9":5,"10":5,"11":5,"12":0,"13":5,"14":1},"f":{"0":0,"1":5},"b":{"0":[5,0],"1":[0,5]},"_coverageSchema":"1a1c01bbd47fc00a2c39e90264f33305004495a9","hash":"b65b7e473c90b13d4a7ec2044a505da71c72fe7f"}
,"/Users/evemorgan/Desktop/Rithm-26/Exercises/express-shipping/expressError.js": {"path":"/Users/evemorgan/Desktop/Rithm-26/Exercises/express-shipping/expressError.js","statementMap":{"0":{"start":{"line":9,"column":4},"end":{"line":9,"column":12}},"1":{"start":{"line":10,"column":4},"end":{"line":10,"column":27}},"2":{"start":{"line":11,"column":4},"end":{"line":11,"column":25}},"3":{"start":{"line":19,"column":4},"end":{"line":19,"column":24}},"4":{"start":{"line":27,"column":4},"end":{"line":27,"column":24}},"5":{"start":{"line":35,"column":4},"end":{"line":35,"column":24}},"6":{"start":{"line":43,"column":4},"end":{"line":43,"column":24}},"7":{"start":{"line":47,"column":0},"end":{"line":53,"column":2}}},"fnMap":{"0":{"name":"(anonymous_0)","decl":{"start":{"line":8,"column":2},"end":{"line":8,"column":3}},"loc":{"start":{"line":8,"column":31},"end":{"line":12,"column":3}},"line":8},"1":{"name":"(anonymous_1)","decl":{"start":{"line":18,"column":2},"end":{"line":18,"column":3}},"loc":{"start":{"line":18,"column":37},"end":{"line":20,"column":3}},"line":18},"2":{"name":"(anonymous_2)","decl":{"start":{"line":26,"column":2},"end":{"line":26,"column":3}},"loc":{"start":{"line":26,"column":40},"end":{"line":28,"column":3}},"line":26},"3":{"name":"(anonymous_3)","decl":{"start":{"line":34,"column":2},"end":{"line":34,"column":3}},"loc":{"start":{"line":34,"column":39},"end":{"line":36,"column":3}},"line":34},"4":{"name":"(anonymous_4)","decl":{"start":{"line":42,"column":2},"end":{"line":42,"column":3}},"loc":{"start":{"line":42,"column":39},"end":{"line":44,"column":3}},"line":42}},"branchMap":{"0":{"loc":{"start":{"line":18,"column":14},"end":{"line":18,"column":35}},"type":"default-arg","locations":[{"start":{"line":18,"column":24},"end":{"line":18,"column":35}}],"line":18},"1":{"loc":{"start":{"line":26,"column":14},"end":{"line":26,"column":38}},"type":"default-arg","locations":[{"start":{"line":26,"column":24},"end":{"line":26,"column":38}}],"line":26},"2":{"loc":{"start":{"line":34,"column":14},"end":{"line":34,"column":37}},"type":"default-arg","locations":[{"start":{"line":34,"column":24},"end":{"line":34,"column":37}}],"line":34},"3":{"loc":{"start":{"line":42,"column":14},"end":{"line":42,"column":37}},"type":"default-arg","locations":[{"start":{"line":42,"column":24},"end":{"line":42,"column":37}}],"line":42}},"s":{"0":5,"1":5,"2":5,"3":0,"4":0,"5":5,"6":0,"7":1},"f":{"0":5,"1":0,"2":0,"3":5,"4":0},"b":{"0":[0],"1":[0],"2":[0],"3":[0]},"_coverageSchema":"1a1c01bbd47fc00a2c39e90264f33305004495a9","hash":"46fbad090b9883f6a0a0efbb669b8f85be571ee4"}
,"/Users/evemorgan/Desktop/Rithm-26/Exercises/express-shipping/shipItApi.js": {"path":"/Users/evemorgan/Desktop/Rithm-26/Exercises/express-shipping/shipItApi.js","statementMap":{"0":{"start":{"line":3,"column":24},"end":{"line":3,"column":52}},"1":{"start":{"line":4,"column":23},"end":{"line":4,"column":43}},"2":{"start":{"line":6,"column":14},"end":{"line":6,"column":30}},"3":{"start":{"line":15,"column":2},"end":{"line":15,"column":55}},"4":{"start":{"line":17,"column":15},"end":{"line":27,"column":4}},"5":{"start":{"line":29,"column":2},"end":{"line":29,"column":34}},"6":{"start":{"line":32,"column":0},"end":{"line":32,"column":33}}},"fnMap":{"0":{"name":"shipProduct","decl":{"start":{"line":14,"column":15},"end":{"line":14,"column":26}},"loc":{"start":{"line":14,"column":59},"end":{"line":30,"column":1}},"line":14}},"branchMap":{},"s":{"0":1,"1":1,"2":1,"3":1,"4":1,"5":1,"6":1},"f":{"0":1},"b":{},"_coverageSchema":"1a1c01bbd47fc00a2c39e90264f33305004495a9","hash":"3a38f7d2eec32a4a70ebae9ac0a046b83a60c5c6"}
,"/Users/evemorgan/Desktop/Rithm-26/Exercises/express-shipping/routes/shipments.js": {"path":"/Users/evemorgan/Desktop/Rithm-26/Exercises/express-shipping/routes/shipments.js","statementMap":{"0":{"start":{"line":3,"column":16},"end":{"line":3,"column":34}},"1":{"start":{"line":4,"column":15},"end":{"line":4,"column":35}},"2":{"start":{"line":6,"column":24},"end":{"line":6,"column":47}},"3":{"start":{"line":8,"column":28},"end":{"line":8,"column":54}},"4":{"start":{"line":10,"column":19},"end":{"line":10,"column":40}},"5":{"start":{"line":11,"column":23},"end":{"line":11,"column":59}},"6":{"start":{"line":23,"column":0},"end":{"line":34,"column":3}},"7":{"start":{"line":24,"column":17},"end":{"line":25,"column":49}},"8":{"start":{"line":26,"column":2},"end":{"line":29,"column":3}},"9":{"start":{"line":27,"column":17},"end":{"line":27,"column":52}},"10":{"start":{"line":27,"column":42},"end":{"line":27,"column":51}},"11":{"start":{"line":28,"column":4},"end":{"line":28,"column":36}},"12":{"start":{"line":30,"column":45},"end":{"line":30,"column":53}},"13":{"start":{"line":32,"column":17},"end":{"line":32,"column":70}},"14":{"start":{"line":33,"column":2},"end":{"line":33,"column":39}},"15":{"start":{"line":37,"column":0},"end":{"line":37,"column":24}}},"fnMap":{"0":{"name":"(anonymous_0)","decl":{"start":{"line":23,"column":17},"end":{"line":23,"column":18}},"loc":{"start":{"line":23,"column":49},"end":{"line":34,"column":1}},"line":23},"1":{"name":"(anonymous_1)","decl":{"start":{"line":27,"column":35},"end":{"line":27,"column":36}},"loc":{"start":{"line":27,"column":42},"end":{"line":27,"column":51}},"line":27}},"branchMap":{"0":{"loc":{"start":{"line":26,"column":2},"end":{"line":29,"column":3}},"type":"if","locations":[{"start":{"line":26,"column":2},"end":{"line":29,"column":3}},{"start":{},"end":{}}],"line":26}},"s":{"0":1,"1":1,"2":1,"3":1,"4":1,"5":1,"6":1,"7":6,"8":6,"9":5,"10":6,"11":5,"12":1,"13":1,"14":1,"15":1},"f":{"0":6,"1":6},"b":{"0":[5,1]},"_coverageSchema":"1a1c01bbd47fc00a2c39e90264f33305004495a9","hash":"7e73fdae7653f47ffabf6d47f3cde4c8b645e8eb"}
}
